<?xml version="1.0" encoding="UTF-8"?>
<!-- Generated by org.testng.reporters.JUnitReportReporter -->
<testsuite hostname="Mouli" failures="0" tests="1" name="pac2.OrgTest" time="0.013" errors="0" timestamp="2025-07-28T10:20:47 IST" skipped="0">
  <testcase classname="pac2.OrgTest" name="modifiedOrgTest" time="0.013"/>
</testsuite> <!-- pac2.OrgTest -->
