<?xml version="1.0" encoding="UTF-8"?>
<!-- Generated by org.testng.reporters.JUnitReportReporter -->
<testsuite hostname="Mouli" failures="0" tests="2" name="pac2.OrgTest" time="0.015" errors="0" timestamp="2025-07-28T16:34:56 IST" skipped="0">
  <testcase classname="pac2.OrgTest" name="modifiedOrgTest" time="0.002"/>
  <testcase classname="pac2.OrgTest" name="createOrgTest" time="0.013"/>
</testsuite> <!-- pac2.OrgTest -->
